<?xml version="1.0" encoding="UTF-8"?>
<!-- Generated by org.testng.reporters.JUnitReportReporter -->
<testsuite hostname="DESKTOP-FO7068N" failures="0" tests="1" name="com.cybage.fitternity.BMW_X5" time="4.556" errors="0" timestamp="2024-09-19T09:49:55 IST" skipped="0">
  <testcase classname="com.cybage.fitternity.BMW_X5" name="Scroll_Script" time="4.556"/>
</testsuite> <!-- com.cybage.fitternity.BMW_X5 -->
