<?xml version="1.0" encoding="UTF-8"?>
<!-- Generated by org.testng.reporters.JUnitReportReporter -->
<testsuite hostname="DESKTOP-FO7068N" failures="0" tests="4" name="secondsegment.HomePage" time="0.057" errors="0" timestamp="2024-09-20T06:32:49 IST" skipped="0">
  <testcase classname="secondsegment.HomePage" name="Product_Tab" time="0.012"/>
  <testcase classname="secondsegment.HomePage" name="Search_option" time="0.015"/>
  <testcase classname="secondsegment.HomePage" name="Customer_review" time="0.024"/>
  <testcase classname="secondsegment.HomePage" name="Menue_Option" time="0.006"/>
</testsuite> <!-- secondsegment.HomePage -->
