<?xml version="1.0" encoding="UTF-8"?>
<!-- Generated by org.testng.reporters.JUnitReportReporter -->
<testsuite hostname="DESKTOP-FO7068N" failures="0" tests="4" name="firstsegment.Registration" time="0.216" errors="0" timestamp="2024-09-20T06:32:49 IST" skipped="0">
  <testcase classname="firstsegment.Registration" name="User_MobileNo" time="0.006"/>
  <testcase classname="firstsegment.Registration" name="User_EmailId" time="0.005"/>
  <testcase classname="firstsegment.Registration" name="UserName_Field" time="0.007"/>
  <testcase classname="firstsegment.Registration" name="UserID_Creation" time="0.198"/>
</testsuite> <!-- firstsegment.Registration -->
