<?xml version="1.0" encoding="UTF-8"?>
<!-- Generated by org.testng.reporters.JUnitReportReporter -->
<testsuite hostname="DESKTOP-FO7068N" failures="0" tests="1" name="com.cybage.fitternity.AudiQ8" time="2.349" errors="0" timestamp="2024-09-19T08:51:54 IST" skipped="0">
  <testcase classname="com.cybage.fitternity.AudiQ8" name="List_Of_Data" time="2.349"/>
</testsuite> <!-- com.cybage.fitternity.AudiQ8 -->
