<?xml version="1.0" encoding="UTF-8"?>
<!-- Generated by org.testng.reporters.JUnitReportReporter -->
<testsuite hostname="DESKTOP-FO7068N" failures="0" tests="4" name="firstsegment.Registration" time="0.398" errors="0" timestamp="2024-09-20T09:44:26 IST" skipped="0">
  <testcase classname="firstsegment.Registration" name="User_MobileNo" time="0.011"/>
  <testcase classname="firstsegment.Registration" name="UserID_Creation" time="0.381"/>
  <testcase classname="firstsegment.Registration" name="UserName_Field" time="0.003"/>
  <testcase classname="firstsegment.Registration" name="User_EmailId" time="0.003"/>
</testsuite> <!-- firstsegment.Registration -->
