<?xml version="1.0" encoding="UTF-8"?>
<!-- Generated by org.testng.reporters.JUnitReportReporter -->
<testsuite hostname="DESKTOP-FO7068N" failures="0" tests="2" name="thirdsegment.WishList" time="0.016" errors="0" timestamp="2024-09-20T09:44:26 IST" skipped="0">
  <testcase classname="thirdsegment.WishList" name="Multiple_Product" time="0.011"/>
  <testcase classname="thirdsegment.WishList" name="ProductList" time="0.005"/>
</testsuite> <!-- thirdsegment.WishList -->
